<?xml version="1.0" encoding="utf-8"?><testsuites name="pytest tests"><testsuite name="pytest" errors="0" failures="0" skipped="0" tests="5" time="0.801" timestamp="2026-04-28T04:17:31.022955+00:00" hostname="agent-env-37f7083a-26a4-4b1b-9de5-63bd68d10d5b"><testcase classname="backend.tests.backend_test" name="test_health_returns_ok_and_flags" time="0.216" /><testcase classname="backend.tests.backend_test" name="test_generate_empty_body_returns_422" time="0.109" /><testcase classname="backend.tests.backend_test" name="test_generate_blank_strings_returns_422" time="0.133" /><testcase classname="backend.tests.backend_test" name="test_generate_fails_fast_when_overleaf_not_configured" time="0.134" /><testcase classname="backend.tests.backend_test" name="test_api_root" time="0.136" /></testsuite></testsuites>